#
# There is insufficient memory for the Java Runtime Environment to continue.
# Native memory allocation (malloc) failed to allocate 1236016 bytes for Chunk::new
# Possible reasons:
#   The system is out of physical RAM or swap space
#   The process is running with CompressedOops enabled, and the Java Heap may be blocking the growth of the native heap
# Possible solutions:
#   Reduce memory load on the system
#   Increase physical memory or swap space
#   Check if swap backing store is full
#   Decrease Java heap size (-Xmx/-Xms)
#   Decrease number of Java threads
#   Decrease Java thread stack sizes (-Xss)
#   Set larger code cache with -XX:ReservedCodeCacheSize=
#   JVM is running with Unscaled Compressed Oops mode in which the Java heap is
#     placed in the first 4GB address space. The Java Heap base address is the
#     maximum limit for the native heap growth. Please use -XX:HeapBaseMinAddress
#     to set the Java Heap base and to place the Java Heap above 4GB virtual address.
# This output file may be truncated or incomplete.
#
#  Out of Memory Error (./open/src/hotspot/share/memory/arena.cpp:195), pid=8060, tid=2544
#
# JRE version: Java(TM) SE Runtime Environment (15.0.2+7) (build 15.0.2+7-27)
# Java VM: Java HotSpot(TM) 64-Bit Server VM (15.0.2+7-27, mixed mode, sharing, tiered, compressed oops, g1 gc, windows-amd64)
# No core dump will be written. Minidumps are not enabled by default on client versions of Windows
#

---------------  S U M M A R Y ------------

Command Line: --add-opens=java.base/java.util=ALL-UNNAMED --add-opens=java.base/java.lang=ALL-UNNAMED --add-opens=java.base/java.lang.invoke=ALL-UNNAMED --add-opens=java.prefs/java.util.prefs=ALL-UNNAMED --add-opens=java.base/java.nio.charset=ALL-UNNAMED --add-opens=java.base/java.net=ALL-UNNAMED --add-opens=java.base/java.util.concurrent.atomic=ALL-UNNAMED -Xmx1536m -Dfile.encoding=utf8 -Duser.country=US -Duser.language=en -Duser.variant org.gradle.launcher.daemon.bootstrap.GradleDaemon 8.0.2

Host: Intel(R) Core(TM) i7-10510U CPU @ 1.80GHz, 8 cores, 15G,  Windows 10 , 64 bit Build 22621 (10.0.22621.2506)
Time: Sun Nov 26 22:09:29 2023 W. Europe Standard Time elapsed time: 33.288593 seconds (0d 0h 0m 33s)

---------------  T H R E A D  ---------------

Current thread (0x000001ccf6941e50):  JavaThread "C2 CompilerThread2" daemon [_thread_in_native, id=2544, stack(0x000000778c200000,0x000000778c300000)]


Current CompileTask:
C2:  33289 6622       4       groovyjarjarantlr4.v4.runtime.atn.PredictionContext::getCachedContext (297 bytes)

Stack: [0x000000778c200000,0x000000778c300000]
Native frames: (J=compiled Java code, j=interpreted, Vv=VM code, C=native code)
V  [jvm.dll+0x62ae9a]
V  [jvm.dll+0x7817a9]
V  [jvm.dll+0x782f03]
V  [jvm.dll+0x783563]
V  [jvm.dll+0x216325]
V  [jvm.dll+0x97f3a]
V  [jvm.dll+0x9861c]
V  [jvm.dll+0x32e2a8]
V  [jvm.dll+0x18e1ba]
V  [jvm.dll+0x1ea822]
V  [jvm.dll+0x1e996e]
V  [jvm.dll+0x178567]
V  [jvm.dll+0x1f9225]
V  [jvm.dll+0x1f72cc]
V  [jvm.dll+0x74495d]
V  [jvm.dll+0x73d75a]
V  [jvm.dll+0x629c56]
C  [ucrtbase.dll+0x29363]
C  [KERNEL32.DLL+0x1257d]
C  [ntdll.dll+0x5aa58]


---------------  P R O C E S S  ---------------

Threads class SMR info:
_java_thread_list=0x000001ccf96d89e0, length=124, elements={
0x000001ccd621aa70, 0x000001ccf3a9b3f0, 0x000001ccf3a9bfd0, 0x000001ccf3ab9180,
0x000001ccf3abbc40, 0x000001ccf3abfee0, 0x000001ccf3abe690, 0x000001ccf3abf230,
0x000001ccf4382780, 0x000001ccf44a66a0, 0x000001ccf44ad5e0, 0x000001ccf6454610,
0x000001ccf5acd0b0, 0x000001ccf5be49d0, 0x000001ccf54a6940, 0x000001ccf6229220,
0x000001ccf6423850, 0x000001ccf65f96b0, 0x000001ccf464fed0, 0x000001ccf65f6630,
0x000001ccf65f52f0, 0x000001ccf65f3140, 0x000001ccf65f4e20, 0x000001ccf65f5c90,
0x000001ccf65f57c0, 0x000001ccf65f3ae0, 0x000001ccf65f3fb0, 0x000001ccf65f4480,
0x000001ccf65f6160, 0x000001ccf65f4950, 0x000001ccf6a24000, 0x000001ccf6a249a0,
0x000001ccf6a25ce0, 0x000001ccf6a279c0, 0x000001ccf6a27e90, 0x000001ccf6a244d0,
0x000001ccf6a28d00, 0x000001ccf6a28830, 0x000001ccf6a296a0, 0x000001ccf6a24e70,
0x000001ccf6a25340, 0x000001ccf6a2b850, 0x000001ccf6a2b380, 0x000001ccf6a291d0,
0x000001ccf6a2a040, 0x000001ccf6a2a510, 0x000001ccf6a2a9e0, 0x000001ccf6a2aeb0,
0x000001ccf76aea10, 0x000001ccf76a9370, 0x000001ccf76ae070, 0x000001ccf76a8ea0,
0x000001ccf76afd50, 0x000001ccf76aa1e0, 0x000001ccf76ad200, 0x000001ccf76aeee0,
0x000001ccf76abec0, 0x000001ccf76aa6b0, 0x000001ccf76adba0, 0x000001ccf76af880,
0x000001ccf76aab80, 0x000001ccf76a9840, 0x000001ccf76a9d10, 0x000001ccf76ab050,
0x000001ccf76ab520, 0x000001ccf76ad6d0, 0x000001ccf76ae540, 0x000001ccf76ac390,
0x000001ccf76b0220, 0x000001ccf76ab9f0, 0x000001ccf76af3b0, 0x000001ccf76b06f0,
0x000001ccf76ac860, 0x000001ccf76acd30, 0x000001ccf6cd26b0, 0x000001ccf6cd1d10,
0x000001ccf6cd3050, 0x000001ccf6cd1370, 0x000001ccf6cd2b80, 0x000001ccf6cd4390,
0x000001ccf6cd8bc0, 0x000001ccf6cd8220, 0x000001ccf6cd6540, 0x000001ccf6cd6a10,
0x000001ccf6cd86f0, 0x000001ccf6cd6070, 0x000001ccf6cd4860, 0x000001ccf6cd7880,
0x000001ccf6cd56d0, 0x000001ccf6cd1840, 0x000001ccf6cd3520, 0x000001ccf6cd6ee0,
0x000001ccf6cd7d50, 0x000001ccf6cd21e0, 0x000001ccf6cd39f0, 0x000001ccf6cd73b0,
0x000001ccf6cd3ec0, 0x000001ccf6cd4d30, 0x000001ccf6cd5200, 0x000001ccf6cd5ba0,
0x000001ccf9f6b6b0, 0x000001ccf9f6bb80, 0x000001ccf9f69ea0, 0x000001ccf9f699d0,
0x000001ccf9f6f070, 0x000001ccf9f68690, 0x000001ccf9f6e6d0, 0x000001ccf9f6c520,
0x000001ccf9f6a840, 0x000001ccf9f6f540, 0x000001ccf9f6ad10, 0x000001ccf9f6b1e0,
0x000001ccf9f6cec0, 0x000001ccf9f6c9f0, 0x000001ccf9f6c050, 0x000001ccf9f6d390,
0x000001ccf9f69500, 0x000001ccf9f6a370, 0x000001ccf9f6fa10, 0x000001ccf9f6d860,
0x000001ccf9f68b60, 0x000001ccf9f6fee0, 0x000001ccf6941940, 0x000001ccf6941e50
}

Java Threads: ( => current thread )
  0x000001ccd621aa70 JavaThread "main" [_thread_blocked, id=3332, stack(0x0000007783700000,0x0000007783800000)]
  0x000001ccf3a9b3f0 JavaThread "Reference Handler" daemon [_thread_blocked, id=2376, stack(0x0000007783e00000,0x0000007783f00000)]
  0x000001ccf3a9bfd0 JavaThread "Finalizer" daemon [_thread_blocked, id=13164, stack(0x0000007783f00000,0x0000007784000000)]
  0x000001ccf3ab9180 JavaThread "Signal Dispatcher" daemon [_thread_blocked, id=22596, stack(0x0000007784000000,0x0000007784100000)]
  0x000001ccf3abbc40 JavaThread "Attach Listener" daemon [_thread_blocked, id=21712, stack(0x0000007784100000,0x0000007784200000)]
  0x000001ccf3abfee0 JavaThread "Service Thread" daemon [_thread_blocked, id=17672, stack(0x0000007784200000,0x0000007784300000)]
  0x000001ccf3abe690 JavaThread "C2 CompilerThread0" daemon [_thread_in_native, id=19620, stack(0x0000007784300000,0x0000007784400000)]
  0x000001ccf3abf230 JavaThread "C1 CompilerThread0" daemon [_thread_blocked, id=1956, stack(0x0000007784400000,0x0000007784500000)]
  0x000001ccf4382780 JavaThread "Sweeper thread" daemon [_thread_blocked, id=8584, stack(0x0000007784500000,0x0000007784600000)]
  0x000001ccf44a66a0 JavaThread "Common-Cleaner" daemon [_thread_blocked, id=21960, stack(0x0000007784600000,0x0000007784700000)]
  0x000001ccf44ad5e0 JavaThread "Notification Thread" daemon [_thread_blocked, id=21124, stack(0x0000007784700000,0x0000007784800000)]
  0x000001ccf6454610 JavaThread "Daemon health stats" [_thread_blocked, id=22840, stack(0x0000007785100000,0x0000007785200000)]
  0x000001ccf5acd0b0 JavaThread "Incoming local TCP Connector on port 53724" [_thread_in_native, id=22480, stack(0x0000007784f00000,0x0000007785000000)]
  0x000001ccf5be49d0 JavaThread "Daemon periodic checks" [_thread_blocked, id=13252, stack(0x0000007785200000,0x0000007785300000)]
  0x000001ccf54a6940 JavaThread "Daemon" [_thread_blocked, id=21908, stack(0x0000007785300000,0x0000007785400000)]
  0x000001ccf6229220 JavaThread "Handler for socket connection from /127.0.0.1:53724 to /127.0.0.1:53725" [_thread_in_native, id=11580, stack(0x0000007785400000,0x0000007785500000)]
  0x000001ccf6423850 JavaThread "Cancel handler" [_thread_blocked, id=19664, stack(0x0000007785000000,0x0000007785100000)]
  0x000001ccf65f96b0 JavaThread "Daemon worker" [_thread_in_native_trans, id=21680, stack(0x0000007785500000,0x0000007785600000)]
  0x000001ccf464fed0 JavaThread "Asynchronous log dispatcher for DefaultDaemonConnection: socket connection from /127.0.0.1:53724 to /127.0.0.1:53725" [_thread_blocked, id=11640, stack(0x0000007785600000,0x0000007785700000)]
  0x000001ccf65f6630 JavaThread "Stdin handler" [_thread_blocked, id=20948, stack(0x0000007785700000,0x0000007785800000)]
  0x000001ccf65f52f0 JavaThread "Daemon client event forwarder" [_thread_blocked, id=17596, stack(0x0000007785800000,0x0000007785900000)]
  0x000001ccf65f3140 JavaThread "Cache worker for journal cache (C:\Users\Barakael-PC\.gradle\caches\journal-1)" [_thread_blocked, id=17460, stack(0x0000007785900000,0x0000007785a00000)]
  0x000001ccf65f4e20 JavaThread "File lock request listener" [_thread_in_native, id=6148, stack(0x0000007785a00000,0x0000007785b00000)]
  0x000001ccf65f5c90 JavaThread "Cache worker for file hash cache (C:\Users\Barakael-PC\.gradle\caches\8.0.2\fileHashes)" [_thread_blocked, id=22864, stack(0x0000007785b00000,0x0000007785c00000)]
  0x000001ccf65f57c0 JavaThread "File watcher server" daemon [_thread_in_native, id=22868, stack(0x0000007785e00000,0x0000007785f00000)]
  0x000001ccf65f3ae0 JavaThread "File watcher consumer" daemon [_thread_blocked, id=18360, stack(0x0000007785f00000,0x0000007786000000)]
  0x000001ccf65f3fb0 JavaThread "jar transforms" [_thread_blocked, id=22512, stack(0x0000007785d00000,0x0000007785e00000)]
  0x000001ccf65f4480 JavaThread "jar transforms Thread 2" [_thread_blocked, id=21384, stack(0x0000007786000000,0x0000007786100000)]
  0x000001ccf65f6160 JavaThread "Cache worker for checksums cache (C:\laragon\www\ehaa-pay-app\android\.gradle\8.0.2\checksums)" [_thread_blocked, id=18456, stack(0x0000007786100000,0x0000007786200000)]
  0x000001ccf65f4950 JavaThread "Cache worker for cache directory md-rule (C:\Users\Barakael-PC\.gradle\caches\8.0.2\md-rule)" [_thread_blocked, id=8408, stack(0x0000007786500000,0x0000007786600000)]
  0x000001ccf6a24000 JavaThread "Cache worker for file content cache (C:\Users\Barakael-PC\.gradle\caches\8.0.2\fileContent)" [_thread_blocked, id=10556, stack(0x0000007786600000,0x0000007786700000)]
  0x000001ccf6a249a0 JavaThread "Cache worker for file hash cache (C:\laragon\www\ehaa-pay-app\android\.gradle\8.0.2\fileHashes)" [_thread_blocked, id=10704, stack(0x0000007785c00000,0x0000007785d00000)]
  0x000001ccf6a25ce0 JavaThread "Cache worker for cache directory md-supplier (C:\Users\Barakael-PC\.gradle\caches\8.0.2\md-supplier)" [_thread_blocked, id=21192, stack(0x0000007786700000,0x0000007786800000)]
  0x000001ccf6a279c0 JavaThread "Cache worker for execution history cache (C:\Users\Barakael-PC\.gradle\caches\8.0.2\executionHistory)" [_thread_blocked, id=17244, stack(0x0000007786800000,0x0000007786900000)]
  0x000001ccf6a27e90 JavaThread "jar transforms Thread 3" [_thread_blocked, id=13248, stack(0x0000007786900000,0x0000007786a00000)]
  0x000001ccf6a244d0 JavaThread "jar transforms Thread 4" [_thread_blocked, id=23464, stack(0x0000007786a00000,0x0000007786b00000)]
  0x000001ccf6a28d00 JavaThread "jar transforms Thread 5" [_thread_blocked, id=4608, stack(0x0000007786c00000,0x0000007786d00000)]
  0x000001ccf6a28830 JavaThread "jar transforms Thread 6" [_thread_blocked, id=6416, stack(0x0000007786d00000,0x0000007786e00000)]
  0x000001ccf6a296a0 JavaThread "jar transforms Thread 7" [_thread_blocked, id=17968, stack(0x0000007786e00000,0x0000007786f00000)]
  0x000001ccf6a24e70 JavaThread "jar transforms Thread 8" [_thread_blocked, id=20488, stack(0x0000007786f00000,0x0000007787000000)]
  0x000001ccf6a25340 JavaThread "Cache worker for dependencies-accessors (C:\laragon\www\ehaa-pay-app\android\.gradle\8.0.2\dependencies-accessors)" [_thread_blocked, id=9664, stack(0x0000007787000000,0x0000007787100000)]
  0x000001ccf6a2b850 JavaThread "Cache worker for Build Output Cleanup Cache (C:\laragon\www\ehaa-pay-app\android\.gradle\buildOutputCleanup)" [_thread_blocked, id=18964, stack(0x0000007787100000,0x0000007787200000)]
  0x000001ccf6a2b380 JavaThread "Unconstrained build operations" [_thread_blocked, id=13444, stack(0x0000007786b00000,0x0000007786c00000)]
  0x000001ccf6a291d0 JavaThread "Unconstrained build operations Thread 2" [_thread_blocked, id=6576, stack(0x0000007787200000,0x0000007787300000)]
  0x000001ccf6a2a040 JavaThread "Unconstrained build operations Thread 3" [_thread_blocked, id=19968, stack(0x0000007787300000,0x0000007787400000)]
  0x000001ccf6a2a510 JavaThread "Unconstrained build operations Thread 4" [_thread_blocked, id=22680, stack(0x0000007787400000,0x0000007787500000)]
  0x000001ccf6a2a9e0 JavaThread "Unconstrained build operations Thread 5" [_thread_blocked, id=11916, stack(0x0000007787500000,0x0000007787600000)]
  0x000001ccf6a2aeb0 JavaThread "Unconstrained build operations Thread 6" [_thread_blocked, id=1420, stack(0x0000007787600000,0x0000007787700000)]
  0x000001ccf76aea10 JavaThread "Unconstrained build operations Thread 7" [_thread_blocked, id=2120, stack(0x0000007787700000,0x0000007787800000)]
  0x000001ccf76a9370 JavaThread "Unconstrained build operations Thread 8" [_thread_blocked, id=13568, stack(0x0000007787800000,0x0000007787900000)]
  0x000001ccf76ae070 JavaThread "Unconstrained build operations Thread 9" [_thread_blocked, id=9704, stack(0x0000007787900000,0x0000007787a00000)]
  0x000001ccf76a8ea0 JavaThread "Unconstrained build operations Thread 10" [_thread_blocked, id=18924, stack(0x0000007787a00000,0x0000007787b00000)]
  0x000001ccf76afd50 JavaThread "Unconstrained build operations Thread 11" [_thread_blocked, id=20532, stack(0x0000007787b00000,0x0000007787c00000)]
  0x000001ccf76aa1e0 JavaThread "Unconstrained build operations Thread 12" [_thread_blocked, id=15244, stack(0x0000007787c00000,0x0000007787d00000)]
  0x000001ccf76ad200 JavaThread "Unconstrained build operations Thread 13" [_thread_blocked, id=2680, stack(0x0000007787d00000,0x0000007787e00000)]
  0x000001ccf76aeee0 JavaThread "Unconstrained build operations Thread 14" [_thread_blocked, id=15192, stack(0x0000007787e00000,0x0000007787f00000)]
  0x000001ccf76abec0 JavaThread "Unconstrained build operations Thread 15" [_thread_blocked, id=17800, stack(0x0000007787f00000,0x0000007788000000)]
  0x000001ccf76aa6b0 JavaThread "Unconstrained build operations Thread 16" [_thread_blocked, id=20148, stack(0x0000007788000000,0x0000007788100000)]
  0x000001ccf76adba0 JavaThread "Unconstrained build operations Thread 17" [_thread_blocked, id=7812, stack(0x0000007788100000,0x0000007788200000)]
  0x000001ccf76af880 JavaThread "Unconstrained build operations Thread 18" [_thread_blocked, id=22736, stack(0x0000007788200000,0x0000007788300000)]
  0x000001ccf76aab80 JavaThread "Unconstrained build operations Thread 19" [_thread_blocked, id=11352, stack(0x0000007788300000,0x0000007788400000)]
  0x000001ccf76a9840 JavaThread "Unconstrained build operations Thread 20" [_thread_blocked, id=22684, stack(0x0000007788400000,0x0000007788500000)]
  0x000001ccf76a9d10 JavaThread "Unconstrained build operations Thread 21" [_thread_blocked, id=19204, stack(0x0000007788500000,0x0000007788600000)]
  0x000001ccf76ab050 JavaThread "Unconstrained build operations Thread 22" [_thread_blocked, id=9184, stack(0x0000007788600000,0x0000007788700000)]
  0x000001ccf76ab520 JavaThread "Unconstrained build operations Thread 23" [_thread_blocked, id=22412, stack(0x0000007788700000,0x0000007788800000)]
  0x000001ccf76ad6d0 JavaThread "Unconstrained build operations Thread 24" [_thread_blocked, id=23516, stack(0x0000007788800000,0x0000007788900000)]
  0x000001ccf76ae540 JavaThread "Unconstrained build operations Thread 25" [_thread_blocked, id=12176, stack(0x0000007788900000,0x0000007788a00000)]
  0x000001ccf76ac390 JavaThread "Unconstrained build operations Thread 26" [_thread_blocked, id=19756, stack(0x0000007788a00000,0x0000007788b00000)]
  0x000001ccf76b0220 JavaThread "Unconstrained build operations Thread 27" [_thread_blocked, id=20168, stack(0x0000007788b00000,0x0000007788c00000)]
  0x000001ccf76ab9f0 JavaThread "Unconstrained build operations Thread 28" [_thread_blocked, id=10888, stack(0x0000007788c00000,0x0000007788d00000)]
  0x000001ccf76af3b0 JavaThread "Unconstrained build operations Thread 29" [_thread_blocked, id=9040, stack(0x0000007788d00000,0x0000007788e00000)]
  0x000001ccf76b06f0 JavaThread "Unconstrained build operations Thread 30" [_thread_blocked, id=12068, stack(0x0000007788e00000,0x0000007788f00000)]
  0x000001ccf76ac860 JavaThread "Unconstrained build operations Thread 31" [_thread_blocked, id=14172, stack(0x0000007788f00000,0x0000007789000000)]
  0x000001ccf76acd30 JavaThread "Unconstrained build operations Thread 32" [_thread_blocked, id=2336, stack(0x0000007789000000,0x0000007789100000)]
  0x000001ccf6cd26b0 JavaThread "Unconstrained build operations Thread 33" [_thread_blocked, id=10632, stack(0x0000007789100000,0x0000007789200000)]
  0x000001ccf6cd1d10 JavaThread "Unconstrained build operations Thread 34" [_thread_blocked, id=16508, stack(0x0000007789200000,0x0000007789300000)]
  0x000001ccf6cd3050 JavaThread "Unconstrained build operations Thread 35" [_thread_blocked, id=5216, stack(0x0000007789300000,0x0000007789400000)]
  0x000001ccf6cd1370 JavaThread "Unconstrained build operations Thread 36" [_thread_blocked, id=13840, stack(0x0000007789400000,0x0000007789500000)]
  0x000001ccf6cd2b80 JavaThread "Unconstrained build operations Thread 37" [_thread_blocked, id=12036, stack(0x0000007789500000,0x0000007789600000)]
  0x000001ccf6cd4390 JavaThread "Unconstrained build operations Thread 38" [_thread_blocked, id=7112, stack(0x0000007789600000,0x0000007789700000)]
  0x000001ccf6cd8bc0 JavaThread "Unconstrained build operations Thread 39" [_thread_blocked, id=16160, stack(0x0000007789700000,0x0000007789800000)]
  0x000001ccf6cd8220 JavaThread "Unconstrained build operations Thread 40" [_thread_blocked, id=14668, stack(0x0000007789800000,0x0000007789900000)]
  0x000001ccf6cd6540 JavaThread "Unconstrained build operations Thread 41" [_thread_blocked, id=22852, stack(0x0000007789900000,0x0000007789a00000)]
  0x000001ccf6cd6a10 JavaThread "Unconstrained build operations Thread 42" [_thread_blocked, id=14396, stack(0x0000007789a00000,0x0000007789b00000)]
  0x000001ccf6cd86f0 JavaThread "Unconstrained build operations Thread 43" [_thread_blocked, id=19368, stack(0x0000007789b00000,0x0000007789c00000)]
  0x000001ccf6cd6070 JavaThread "Unconstrained build operations Thread 44" [_thread_blocked, id=2624, stack(0x0000007789c00000,0x0000007789d00000)]
  0x000001ccf6cd4860 JavaThread "Unconstrained build operations Thread 45" [_thread_blocked, id=21652, stack(0x0000007789d00000,0x0000007789e00000)]
  0x000001ccf6cd7880 JavaThread "Unconstrained build operations Thread 46" [_thread_blocked, id=4428, stack(0x0000007789e00000,0x0000007789f00000)]
  0x000001ccf6cd56d0 JavaThread "Unconstrained build operations Thread 47" [_thread_blocked, id=17736, stack(0x0000007789f00000,0x000000778a000000)]
  0x000001ccf6cd1840 JavaThread "Unconstrained build operations Thread 48" [_thread_blocked, id=13964, stack(0x000000778a000000,0x000000778a100000)]
  0x000001ccf6cd3520 JavaThread "Unconstrained build operations Thread 49" [_thread_blocked, id=19960, stack(0x000000778a100000,0x000000778a200000)]
  0x000001ccf6cd6ee0 JavaThread "Unconstrained build operations Thread 50" [_thread_blocked, id=10856, stack(0x000000778a200000,0x000000778a300000)]
  0x000001ccf6cd7d50 JavaThread "Unconstrained build operations Thread 51" [_thread_blocked, id=16348, stack(0x000000778a300000,0x000000778a400000)]
  0x000001ccf6cd21e0 JavaThread "Unconstrained build operations Thread 52" [_thread_blocked, id=8404, stack(0x000000778a400000,0x000000778a500000)]
  0x000001ccf6cd39f0 JavaThread "Unconstrained build operations Thread 53" [_thread_blocked, id=17832, stack(0x000000778a500000,0x000000778a600000)]
  0x000001ccf6cd73b0 JavaThread "Unconstrained build operations Thread 54" [_thread_blocked, id=10008, stack(0x000000778a600000,0x000000778a700000)]
  0x000001ccf6cd3ec0 JavaThread "Unconstrained build operations Thread 55" [_thread_blocked, id=12720, stack(0x000000778a700000,0x000000778a800000)]
  0x000001ccf6cd4d30 JavaThread "Unconstrained build operations Thread 56" [_thread_blocked, id=19824, stack(0x000000778a800000,0x000000778a900000)]
  0x000001ccf6cd5200 JavaThread "Unconstrained build operations Thread 57" [_thread_blocked, id=21632, stack(0x000000778a900000,0x000000778aa00000)]
  0x000001ccf6cd5ba0 JavaThread "Unconstrained build operations Thread 58" [_thread_blocked, id=15636, stack(0x000000778aa00000,0x000000778ab00000)]
  0x000001ccf9f6b6b0 JavaThread "Unconstrained build operations Thread 59" [_thread_blocked, id=12452, stack(0x000000778ab00000,0x000000778ac00000)]
  0x000001ccf9f6bb80 JavaThread "Unconstrained build operations Thread 60" [_thread_blocked, id=15668, stack(0x000000778ac00000,0x000000778ad00000)]
  0x000001ccf9f69ea0 JavaThread "Unconstrained build operations Thread 61" [_thread_blocked, id=22496, stack(0x000000778ad00000,0x000000778ae00000)]
  0x000001ccf9f699d0 JavaThread "Unconstrained build operations Thread 62" [_thread_blocked, id=22024, stack(0x000000778ae00000,0x000000778af00000)]
  0x000001ccf9f6f070 JavaThread "Unconstrained build operations Thread 63" [_thread_blocked, id=3200, stack(0x000000778af00000,0x000000778b000000)]
  0x000001ccf9f68690 JavaThread "Unconstrained build operations Thread 64" [_thread_blocked, id=19600, stack(0x000000778b100000,0x000000778b200000)]
  0x000001ccf9f6e6d0 JavaThread "Unconstrained build operations Thread 65" [_thread_blocked, id=9688, stack(0x000000778b200000,0x000000778b300000)]
  0x000001ccf9f6c520 JavaThread "Unconstrained build operations Thread 66" [_thread_blocked, id=14532, stack(0x000000778b300000,0x000000778b400000)]
  0x000001ccf9f6a840 JavaThread "Unconstrained build operations Thread 67" [_thread_blocked, id=22676, stack(0x000000778b400000,0x000000778b500000)]
  0x000001ccf9f6f540 JavaThread "Unconstrained build operations Thread 68" [_thread_blocked, id=22228, stack(0x000000778b500000,0x000000778b600000)]
  0x000001ccf9f6ad10 JavaThread "Unconstrained build operations Thread 69" [_thread_blocked, id=23248, stack(0x000000778b600000,0x000000778b700000)]
  0x000001ccf9f6b1e0 JavaThread "Unconstrained build operations Thread 70" [_thread_blocked, id=22544, stack(0x000000778b700000,0x000000778b800000)]
  0x000001ccf9f6cec0 JavaThread "Unconstrained build operations Thread 71" [_thread_blocked, id=18340, stack(0x000000778b800000,0x000000778b900000)]
  0x000001ccf9f6c9f0 JavaThread "Unconstrained build operations Thread 72" [_thread_blocked, id=16064, stack(0x000000778b900000,0x000000778ba00000)]
  0x000001ccf9f6c050 JavaThread "Unconstrained build operations Thread 73" [_thread_blocked, id=11076, stack(0x000000778ba00000,0x000000778bb00000)]
  0x000001ccf9f6d390 JavaThread "Unconstrained build operations Thread 74" [_thread_blocked, id=424, stack(0x000000778bb00000,0x000000778bc00000)]
  0x000001ccf9f69500 JavaThread "Unconstrained build operations Thread 75" [_thread_blocked, id=2620, stack(0x000000778bc00000,0x000000778bd00000)]
  0x000001ccf9f6a370 JavaThread "Unconstrained build operations Thread 76" [_thread_blocked, id=3652, stack(0x000000778bd00000,0x000000778be00000)]
  0x000001ccf9f6fa10 JavaThread "Unconstrained build operations Thread 77" [_thread_blocked, id=10044, stack(0x000000778be00000,0x000000778bf00000)]
  0x000001ccf9f6d860 JavaThread "Unconstrained build operations Thread 78" [_thread_blocked, id=21376, stack(0x000000778bf00000,0x000000778c000000)]
  0x000001ccf9f68b60 JavaThread "Unconstrained build operations Thread 79" [_thread_blocked, id=11212, stack(0x000000778c000000,0x000000778c100000)]
  0x000001ccf9f6fee0 JavaThread "Unconstrained build operations Thread 80" [_thread_blocked, id=17504, stack(0x000000778c100000,0x000000778c200000)]
  0x000001ccf6941940 JavaThread "C2 CompilerThread1" daemon [_thread_in_native, id=11800, stack(0x000000778b000000,0x000000778b100000)]
=>0x000001ccf6941e50 JavaThread "C2 CompilerThread2" daemon [_thread_in_native, id=2544, stack(0x000000778c200000,0x000000778c300000)]

Other Threads:
  0x000001ccf3a97bb0 VMThread "VM Thread" [stack: 0x0000007783d00000,0x0000007783e00000] [id=21808]
  0x000001ccf44d8280 WatcherThread [stack: 0x0000007784800000,0x0000007784900000] [id=12676]
  0x000001ccd6250900 GCTaskThread "GC Thread#0" [stack: 0x0000007783800000,0x0000007783900000] [id=320]
  0x000001ccf449b680 GCTaskThread "GC Thread#1" [stack: 0x0000007784900000,0x0000007784a00000] [id=16464]
  0x000001ccf449a9c0 GCTaskThread "GC Thread#2" [stack: 0x0000007784a00000,0x0000007784b00000] [id=19340]
  0x000001ccf44996a0 GCTaskThread "GC Thread#3" [stack: 0x0000007784b00000,0x0000007784c00000] [id=19804]
  0x000001ccf44999d0 GCTaskThread "GC Thread#4" [stack: 0x0000007784c00000,0x0000007784d00000] [id=23336]
  0x000001ccf4499d00 GCTaskThread "GC Thread#5" [stack: 0x0000007784d00000,0x0000007784e00000] [id=4132]
  0x000001ccf449c670 GCTaskThread "GC Thread#6" [stack: 0x0000007786200000,0x0000007786300000] [id=4024]
  0x000001ccf449b350 GCTaskThread "GC Thread#7" [stack: 0x0000007786300000,0x0000007786400000] [id=10424]
  0x000001ccd625dba0 ConcurrentGCThread "G1 Main Marker" [stack: 0x0000007783900000,0x0000007783a00000] [id=13740]
  0x000001ccd625f300 ConcurrentGCThread "G1 Conc#0" [stack: 0x0000007783a00000,0x0000007783b00000] [id=10296]
  0x000001ccf8f8aaa0 ConcurrentGCThread "G1 Conc#1" [stack: 0x0000007786400000,0x0000007786500000] [id=23028]
  0x000001ccf398ca10 ConcurrentGCThread "G1 Refine#0" [stack: 0x0000007783b00000,0x0000007783c00000] [id=21084]
  0x000001ccf52c6f30 ConcurrentGCThread "G1 Refine#1" [stack: 0x0000007784e00000,0x0000007784f00000] [id=5840]
  0x000001ccf398d610 ConcurrentGCThread "G1 Young RemSet Sampling" [stack: 0x0000007783c00000,0x0000007783d00000] [id=4688]

Threads with active compile tasks:
C2 CompilerThread0    33412 6735       4       groovyjarjarantlr4.v4.runtime.atn.LexerATNSimulator::closure (258 bytes)
C2 CompilerThread1    33413 6743       4       groovyjarjarantlr4.v4.runtime.atn.ParserATNSimulator::isConflicted (860 bytes)
C2 CompilerThread2    33413 6622       4       groovyjarjarantlr4.v4.runtime.atn.PredictionContext::getCachedContext (297 bytes)

VM state: not at safepoint (normal execution)

VM Mutex/Monitor currently owned by a thread: None

Heap address: 0x00000000a0000000, size: 1536 MB, Compressed Oops mode: 32-bit
CDS archive(s) mapped at: [0x0000000800000000-0x0000000800b50000-0x0000000800b50000), size 11862016, SharedBaseAddress: 0x0000000800000000, ArchiveRelocationMode: 0.
Compressed class space mapped at: 0x0000000800b50000-0x0000000840b50000, size: 1073741824
Narrow klass base: 0x0000000800000000, Narrow klass shift: 3, Narrow klass range: 0x100000000

GC Precious Log:
 CPUs: 8 total, 8 available
 Memory: 16134M
 Large Page Support: Disabled
 NUMA Support: Disabled
 Compressed Oops: Enabled (32-bit)
 Heap Region Size: 1M
 Heap Min Capacity: 8M
 Heap Initial Capacity: 254M
 Heap Max Capacity: 1536M
 Pre-touch: Disabled
 Parallel Workers: 8
 Concurrent Workers: 2
 Concurrent Refinement Workers: 8
 Periodic GC: Disabled

Heap:
 garbage-first heap   total 94208K, used 58460K [0x00000000a0000000, 0x0000000100000000)
  region size 1024K, 12 young (12288K), 1 survivors (1024K)
 Metaspace       used 48627K, capacity 49633K, committed 49840K, reserved 1091584K
  class space    used 6495K, capacity 6803K, committed 6912K, reserved 1048576K

Heap Regions: E=young(eden), S=young(survivor), O=old, HS=humongous(starts), HC=humongous(continues), CS=collection set, F=free, OA=open archive, CA=closed archive, TAMS=top-at-mark-start (previous, next)
|   0|0x00000000a0000000, 0x00000000a0100000, 0x00000000a0100000|100%|HS|  |TAMS 0x00000000a0100000, 0x00000000a0000000| Complete 
|   1|0x00000000a0100000, 0x00000000a0200000, 0x00000000a0200000|100%|HC|  |TAMS 0x00000000a0200000, 0x00000000a0100000| Complete 
|   2|0x00000000a0200000, 0x00000000a0300000, 0x00000000a0300000|100%|HC|  |TAMS 0x00000000a0300000, 0x00000000a0200000| Complete 
|   3|0x00000000a0300000, 0x00000000a0400000, 0x00000000a0400000|100%|HC|  |TAMS 0x00000000a0400000, 0x00000000a0300000| Complete 
|   4|0x00000000a0400000, 0x00000000a0500000, 0x00000000a0500000|100%| O|  |TAMS 0x00000000a0500000, 0x00000000a0400000| Untracked 
|   5|0x00000000a0500000, 0x00000000a0600000, 0x00000000a0600000|100%| O|  |TAMS 0x00000000a0600000, 0x00000000a0500000| Untracked 
|   6|0x00000000a0600000, 0x00000000a0700000, 0x00000000a0700000|100%| O|  |TAMS 0x00000000a0700000, 0x00000000a0600000| Untracked 
|   7|0x00000000a0700000, 0x00000000a0800000, 0x00000000a0800000|100%| O|  |TAMS 0x00000000a0800000, 0x00000000a0700000| Untracked 
|   8|0x00000000a0800000, 0x00000000a0900000, 0x00000000a0900000|100%| O|  |TAMS 0x00000000a0900000, 0x00000000a0800000| Untracked 
|   9|0x00000000a0900000, 0x00000000a0a00000, 0x00000000a0a00000|100%| O|  |TAMS 0x00000000a0a00000, 0x00000000a0900000| Untracked 
|  10|0x00000000a0a00000, 0x00000000a0a00000, 0x00000000a0b00000|  0%| F|  |TAMS 0x00000000a0a00000, 0x00000000a0a00000| Untracked 
|  11|0x00000000a0b00000, 0x00000000a0c00000, 0x00000000a0c00000|100%| O|  |TAMS 0x00000000a0c00000, 0x00000000a0b00000| Untracked 
|  12|0x00000000a0c00000, 0x00000000a0d00000, 0x00000000a0d00000|100%| O|  |TAMS 0x00000000a0d00000, 0x00000000a0c00000| Untracked 
|  13|0x00000000a0d00000, 0x00000000a0e00000, 0x00000000a0e00000|100%| O|  |TAMS 0x00000000a0e00000, 0x00000000a0d00000| Untracked 
|  14|0x00000000a0e00000, 0x00000000a0f00000, 0x00000000a0f00000|100%| O|  |TAMS 0x00000000a0f00000, 0x00000000a0e00000| Untracked 
|  15|0x00000000a0f00000, 0x00000000a1000000, 0x00000000a1000000|100%| O|  |TAMS 0x00000000a1000000, 0x00000000a0f00000| Untracked 
|  16|0x00000000a1000000, 0x00000000a1100000, 0x00000000a1100000|100%| O|  |TAMS 0x00000000a1100000, 0x00000000a1000000| Untracked 
|  17|0x00000000a1100000, 0x00000000a1200000, 0x00000000a1200000|100%| O|  |TAMS 0x00000000a1200000, 0x00000000a1100000| Untracked 
|  18|0x00000000a1200000, 0x00000000a1300000, 0x00000000a1300000|100%| O|  |TAMS 0x00000000a1300000, 0x00000000a1200000| Untracked 
|  19|0x00000000a1300000, 0x00000000a1400000, 0x00000000a1400000|100%| O|  |TAMS 0x00000000a1400000, 0x00000000a1300000| Untracked 
|  20|0x00000000a1400000, 0x00000000a1500000, 0x00000000a1500000|100%| O|  |TAMS 0x00000000a1500000, 0x00000000a1400000| Untracked 
|  21|0x00000000a1500000, 0x00000000a1600000, 0x00000000a1600000|100%| O|  |TAMS 0x00000000a1600000, 0x00000000a1500000| Untracked 
|  22|0x00000000a1600000, 0x00000000a1600000, 0x00000000a1700000|  0%| F|  |TAMS 0x00000000a1600000, 0x00000000a1600000| Untracked 
|  23|0x00000000a1700000, 0x00000000a1700000, 0x00000000a1800000|  0%| F|  |TAMS 0x00000000a1700000, 0x00000000a1700000| Untracked 
|  24|0x00000000a1800000, 0x00000000a1800000, 0x00000000a1900000|  0%| F|  |TAMS 0x00000000a1800000, 0x00000000a1800000| Untracked 
|  25|0x00000000a1900000, 0x00000000a1a00000, 0x00000000a1a00000|100%| O|  |TAMS 0x00000000a1a00000, 0x00000000a1900000| Untracked 
|  26|0x00000000a1a00000, 0x00000000a1b00000, 0x00000000a1b00000|100%|HS|  |TAMS 0x00000000a1b00000, 0x00000000a1a00000| Complete 
|  27|0x00000000a1b00000, 0x00000000a1c00000, 0x00000000a1c00000|100%| O|  |TAMS 0x00000000a1c00000, 0x00000000a1b00000| Untracked 
|  28|0x00000000a1c00000, 0x00000000a1d00000, 0x00000000a1d00000|100%| O|  |TAMS 0x00000000a1d00000, 0x00000000a1c00000| Untracked 
|  29|0x00000000a1d00000, 0x00000000a1e00000, 0x00000000a1e00000|100%| O|  |TAMS 0x00000000a1e00000, 0x00000000a1d00000| Untracked 
|  30|0x00000000a1e00000, 0x00000000a1f00000, 0x00000000a1f00000|100%| O|  |TAMS 0x00000000a1f00000, 0x00000000a1e00000| Untracked 
|  31|0x00000000a1f00000, 0x00000000a2000000, 0x00000000a2000000|100%| O|  |TAMS 0x00000000a2000000, 0x00000000a1f00000| Untracked 
|  32|0x00000000a2000000, 0x00000000a2000000, 0x00000000a2100000|  0%| F|  |TAMS 0x00000000a2000000, 0x00000000a2000000| Untracked 
|  33|0x00000000a2100000, 0x00000000a2100000, 0x00000000a2200000|  0%| F|  |TAMS 0x00000000a2100000, 0x00000000a2100000| Untracked 
|  34|0x00000000a2200000, 0x00000000a2200000, 0x00000000a2300000|  0%| F|  |TAMS 0x00000000a2200000, 0x00000000a2200000| Untracked 
|  35|0x00000000a2300000, 0x00000000a2400000, 0x00000000a2400000|100%| O|  |TAMS 0x00000000a2400000, 0x00000000a2300000| Untracked 
|  36|0x00000000a2400000, 0x00000000a2500000, 0x00000000a2500000|100%| O|  |TAMS 0x00000000a2500000, 0x00000000a2400000| Untracked 
|  37|0x00000000a2500000, 0x00000000a2600000, 0x00000000a2600000|100%|HS|  |TAMS 0x00000000a2600000, 0x00000000a2500000| Complete 
|  38|0x00000000a2600000, 0x00000000a2700000, 0x00000000a2700000|100%|HS|  |TAMS 0x00000000a2700000, 0x00000000a2600000| Complete 
|  39|0x00000000a2700000, 0x00000000a2800000, 0x00000000a2800000|100%| O|  |TAMS 0x00000000a2800000, 0x00000000a2700000| Untracked 
|  40|0x00000000a2800000, 0x00000000a2800000, 0x00000000a2900000|  0%| F|  |TAMS 0x00000000a2800000, 0x00000000a2800000| Untracked 
|  41|0x00000000a2900000, 0x00000000a2900000, 0x00000000a2a00000|  0%| F|  |TAMS 0x00000000a2900000, 0x00000000a2900000| Untracked 
|  42|0x00000000a2a00000, 0x00000000a2b00000, 0x00000000a2b00000|100%| O|  |TAMS 0x00000000a2a00000, 0x00000000a2a00000| Untracked 
|  43|0x00000000a2b00000, 0x00000000a2b00000, 0x00000000a2c00000|  0%| F|  |TAMS 0x00000000a2b00000, 0x00000000a2b00000| Untracked 
|  44|0x00000000a2c00000, 0x00000000a2d00000, 0x00000000a2d00000|100%| O|  |TAMS 0x00000000a2d00000, 0x00000000a2c00000| Untracked 
|  45|0x00000000a2d00000, 0x00000000a2e00000, 0x00000000a2e00000|100%| O|  |TAMS 0x00000000a2e00000, 0x00000000a2d00000| Untracked 
|  46|0x00000000a2e00000, 0x00000000a2f00000, 0x00000000a2f00000|100%| O|  |TAMS 0x00000000a2f00000, 0x00000000a2e00000| Untracked 
|  47|0x00000000a2f00000, 0x00000000a3000000, 0x00000000a3000000|100%| O|  |TAMS 0x00000000a2f37c00, 0x00000000a2f00000| Untracked 
|  48|0x00000000a3000000, 0x00000000a3100000, 0x00000000a3100000|100%| O|  |TAMS 0x00000000a3000000, 0x00000000a3000000| Untracked 
|  49|0x00000000a3100000, 0x00000000a3200000, 0x00000000a3200000|100%| O|  |TAMS 0x00000000a3100000, 0x00000000a3100000| Untracked 
|  50|0x00000000a3200000, 0x00000000a3300000, 0x00000000a3300000|100%| O|  |TAMS 0x00000000a3200000, 0x00000000a3200000| Untracked 
|  51|0x00000000a3300000, 0x00000000a3400000, 0x00000000a3400000|100%| O|  |TAMS 0x00000000a3300000, 0x00000000a3300000| Untracked 
|  52|0x00000000a3400000, 0x00000000a3500000, 0x00000000a3500000|100%| O|  |TAMS 0x00000000a3400000, 0x00000000a3400000| Untracked 
|  53|0x00000000a3500000, 0x00000000a3600000, 0x00000000a3600000|100%| O|  |TAMS 0x00000000a3500000, 0x00000000a3500000| Untracked 
|  54|0x00000000a3600000, 0x00000000a3700000, 0x00000000a3700000|100%| O|  |TAMS 0x00000000a3600000, 0x00000000a3600000| Untracked 
|  55|0x00000000a3700000, 0x00000000a3800000, 0x00000000a3800000|100%| O|  |TAMS 0x00000000a3700000, 0x00000000a3700000| Untracked 
|  56|0x00000000a3800000, 0x00000000a3841600, 0x00000000a3900000| 25%| O|  |TAMS 0x00000000a3800000, 0x00000000a3800000| Untracked 
|  57|0x00000000a3900000, 0x00000000a3900000, 0x00000000a3a00000|  0%| F|  |TAMS 0x00000000a3900000, 0x00000000a3900000| Untracked 
|  58|0x00000000a3a00000, 0x00000000a3a00000, 0x00000000a3b00000|  0%| F|  |TAMS 0x00000000a3a00000, 0x00000000a3a00000| Untracked 
|  59|0x00000000a3b00000, 0x00000000a3b00000, 0x00000000a3c00000|  0%| F|  |TAMS 0x00000000a3b00000, 0x00000000a3b00000| Untracked 
|  60|0x00000000a3c00000, 0x00000000a3c00000, 0x00000000a3d00000|  0%| F|  |TAMS 0x00000000a3c00000, 0x00000000a3c00000| Untracked 
|  61|0x00000000a3d00000, 0x00000000a3d00000, 0x00000000a3e00000|  0%| F|  |TAMS 0x00000000a3d00000, 0x00000000a3d00000| Untracked 
|  62|0x00000000a3e00000, 0x00000000a3e00000, 0x00000000a3f00000|  0%| F|  |TAMS 0x00000000a3e00000, 0x00000000a3e00000| Untracked 
|  63|0x00000000a3f00000, 0x00000000a3f00000, 0x00000000a4000000|  0%| F|  |TAMS 0x00000000a3f00000, 0x00000000a3f00000| Untracked 
|  64|0x00000000a4000000, 0x00000000a4000000, 0x00000000a4100000|  0%| F|  |TAMS 0x00000000a4000000, 0x00000000a4000000| Untracked 
|  65|0x00000000a4100000, 0x00000000a4100000, 0x00000000a4200000|  0%| F|  |TAMS 0x00000000a4100000, 0x00000000a4100000| Untracked 
|  66|0x00000000a4200000, 0x00000000a4200000, 0x00000000a4300000|  0%| F|  |TAMS 0x00000000a4200000, 0x00000000a4200000| Untracked 
|  67|0x00000000a4300000, 0x00000000a4300000, 0x00000000a4400000|  0%| F|  |TAMS 0x00000000a4300000, 0x00000000a4300000| Untracked 
|  68|0x00000000a4400000, 0x00000000a4400000, 0x00000000a4500000|  0%| F|  |TAMS 0x00000000a4400000, 0x00000000a4400000| Untracked 
|  69|0x00000000a4500000, 0x00000000a4500000, 0x00000000a4600000|  0%| F|  |TAMS 0x00000000a4500000, 0x00000000a4500000| Untracked 
|  70|0x00000000a4600000, 0x00000000a4600000, 0x00000000a4700000|  0%| F|  |TAMS 0x00000000a4600000, 0x00000000a4600000| Untracked 
|  71|0x00000000a4700000, 0x00000000a4700000, 0x00000000a4800000|  0%| F|  |TAMS 0x00000000a4700000, 0x00000000a4700000| Untracked 
|  72|0x00000000a4800000, 0x00000000a4800000, 0x00000000a4900000|  0%| F|  |TAMS 0x00000000a4800000, 0x00000000a4800000| Untracked 
|  73|0x00000000a4900000, 0x00000000a4900000, 0x00000000a4a00000|  0%| F|  |TAMS 0x00000000a4900000, 0x00000000a4900000| Untracked 
|  74|0x00000000a4a00000, 0x00000000a4a00000, 0x00000000a4b00000|  0%| F|  |TAMS 0x00000000a4a00000, 0x00000000a4a00000| Untracked 
|  75|0x00000000a4b00000, 0x00000000a4b00000, 0x00000000a4c00000|  0%| F|  |TAMS 0x00000000a4b00000, 0x00000000a4b00000| Untracked 
|  76|0x00000000a4c00000, 0x00000000a4c00000, 0x00000000a4d00000|  0%| F|  |TAMS 0x00000000a4c00000, 0x00000000a4c00000| Untracked 
| 131|0x00000000a8300000, 0x00000000a8300000, 0x00000000a8400000|  0%| F|  |TAMS 0x00000000a8300000, 0x00000000a8300000| Untracked 
| 132|0x00000000a8400000, 0x00000000a8400000, 0x00000000a8500000|  0%| F|  |TAMS 0x00000000a8400000, 0x00000000a8400000| Untracked 
| 133|0x00000000a8500000, 0x00000000a8500000, 0x00000000a8600000|  0%| F|  |TAMS 0x00000000a8500000, 0x00000000a8500000| Untracked 
| 134|0x00000000a8600000, 0x00000000a8681b00, 0x00000000a8700000| 50%| E|  |TAMS 0x00000000a8600000, 0x00000000a8600000| Complete 
| 135|0x00000000a8700000, 0x00000000a8800000, 0x00000000a8800000|100%| E|CS|TAMS 0x00000000a8700000, 0x00000000a8700000| Complete 
| 136|0x00000000a8800000, 0x00000000a8900000, 0x00000000a8900000|100%| E|CS|TAMS 0x00000000a8800000, 0x00000000a8800000| Complete 
| 137|0x00000000a8900000, 0x00000000a8a00000, 0x00000000a8a00000|100%| E|CS|TAMS 0x00000000a8900000, 0x00000000a8900000| Complete 
| 138|0x00000000a8a00000, 0x00000000a8b00000, 0x00000000a8b00000|100%| E|CS|TAMS 0x00000000a8a00000, 0x00000000a8a00000| Complete 
| 139|0x00000000a8b00000, 0x00000000a8c00000, 0x00000000a8c00000|100%| E|CS|TAMS 0x00000000a8b00000, 0x00000000a8b00000| Complete 
| 140|0x00000000a8c00000, 0x00000000a8d00000, 0x00000000a8d00000|100%| E|CS|TAMS 0x00000000a8c00000, 0x00000000a8c00000| Complete 
| 141|0x00000000a8d00000, 0x00000000a8e00000, 0x00000000a8e00000|100%| E|CS|TAMS 0x00000000a8d00000, 0x00000000a8d00000| Complete 
| 142|0x00000000a8e00000, 0x00000000a8f00000, 0x00000000a8f00000|100%| E|CS|TAMS 0x00000000a8e00000, 0x00000000a8e00000| Complete 
| 143|0x00000000a8f00000, 0x00000000a8fd5b58, 0x00000000a9000000| 83%| S|CS|TAMS 0x00000000a8f00000, 0x00000000a8f00000| Complete 
| 144|0x00000000a9000000, 0x00000000a9100000, 0x00000000a9100000|100%| E|CS|TAMS 0x00000000a9000000, 0x00000000a9000000| Complete 
| 253|0x00000000afd00000, 0x00000000afe00000, 0x00000000afe00000|100%| E|CS|TAMS 0x00000000afd00000, 0x00000000afd00000| Complete 

Card table byte_map: [0x000001cceda50000,0x000001ccedd50000] _byte_map_base: 0x000001cced550000

Marking Bits (Prev, Next): (CMBitMap*) 0x000001ccd62510f0, (CMBitMap*) 0x000001ccd6251130
 Prev Bits: [0x000001ccee050000, 0x000001ccef850000)
 Next Bits: [0x000001ccef850000, 0x000001ccf1050000)

Polling page: 0x000001ccd4120000

Metaspace:

Usage:
  Non-class:     41.83 MB capacity,    41.16 MB ( 98%) used,   609.11 KB (  1%) free+waste,    75.12 KB ( <1%) overhead. 
      Class:      6.64 MB capacity,     6.35 MB ( 96%) used,   274.11 KB (  4%) free+waste,    31.50 KB ( <1%) overhead. 
       Both:     48.47 MB capacity,    47.50 MB ( 98%) used,   883.22 KB (  2%) free+waste,   106.62 KB ( <1%) overhead. 

Virtual space:
  Non-class space:       42.00 MB reserved,      41.92 MB (>99%) committed 
      Class space:        1.00 GB reserved,       6.75 MB ( <1%) committed 
             Both:        1.04 GB reserved,      48.67 MB (  5%) committed 

Chunk freelists:
   Non-Class:  34.00 KB
       Class:  13.00 KB
        Both:  47.00 KB

MaxMetaspaceSize: 17179869184.00 GB
CompressedClassSpaceSize: 1.00 GB

CodeHeap 'non-profiled nmethods': size=120000Kb used=3084Kb max_used=3498Kb free=116915Kb
 bounds [0x000001cce5ef0000, 0x000001cce6260000, 0x000001cced420000]
CodeHeap 'profiled nmethods': size=120000Kb used=11208Kb max_used=11948Kb free=108791Kb
 bounds [0x000001ccde9c0000, 0x000001ccdf570000, 0x000001cce5ef0000]
CodeHeap 'non-nmethods': size=5760Kb used=2335Kb max_used=2465Kb free=3424Kb
 bounds [0x000001ccde420000, 0x000001ccde690000, 0x000001ccde9c0000]
 total_blobs=6716 nmethods=5896 adapters=732
 compilation: enabled
              stopped_count=0, restarted_count=0
 full_count=0

Compilation events (20 events):
Event: 33.160 Thread 0x000001ccf3abf230 6781       1       org.codehaus.groovy.ast.ASTNode::setLastColumnNumber (6 bytes)
Event: 33.160 Thread 0x000001ccf3abf230 nmethod 6781 0x000001cce607ee10 code [0x000001cce607efa0, 0x000001cce607f058]
Event: 33.162 Thread 0x000001ccf3abf230 6782       3       groovyjarjarantlr4.v4.runtime.CommonToken::getText (67 bytes)
Event: 33.163 Thread 0x000001ccf3abf230 nmethod 6782 0x000001ccded03690 code [0x000001ccded03880, 0x000001ccded03e58]
Event: 33.269 Thread 0x000001ccf3abf230 6783       1       groovyjarjarantlr4.v4.runtime.ParserRuleContext::getStart (5 bytes)
Event: 33.270 Thread 0x000001ccf3abf230 nmethod 6783 0x000001cce5f5ba10 code [0x000001cce5f5bba0, 0x000001cce5f5bc58]
Event: 33.270 Thread 0x000001ccf3abf230 6784       1       groovy.lang.Tuple2::getV1 (5 bytes)
Event: 33.271 Thread 0x000001ccf3abf230 nmethod 6784 0x000001cce5f5b710 code [0x000001cce5f5b8a0, 0x000001cce5f5b958]
Event: 33.271 Thread 0x000001ccf3abf230 6787       3       java.nio.charset.Charset::forName (20 bytes)
Event: 33.271 Thread 0x000001ccf3abf230 nmethod 6787 0x000001ccded74510 code [0x000001ccded746c0, 0x000001ccded74898]
Event: 33.271 Thread 0x000001ccf3abf230 6785       1       java.util.stream.IntPipeline$StatelessOp::opIsStateful (2 bytes)
Event: 33.271 Thread 0x000001ccf3abf230 nmethod 6785 0x000001cce5f5b410 code [0x000001cce5f5b5a0, 0x000001cce5f5b658]
Event: 33.271 Thread 0x000001ccf3abf230 6786       1       groovy.lang.Tuple2::getV2 (5 bytes)
Event: 33.272 Thread 0x000001ccf3abf230 nmethod 6786 0x000001cce5f5b110 code [0x000001cce5f5b2a0, 0x000001cce5f5b358]
Event: 33.272 Thread 0x000001ccf3abf230 6788       1       groovyjarjarantlr4.v4.runtime.ParserRuleContext::getStop (5 bytes)
Event: 33.272 Thread 0x000001ccf3abf230 nmethod 6788 0x000001cce5f5ae10 code [0x000001cce5f5afa0, 0x000001cce5f5b058]
Event: 33.272 Thread 0x000001ccf3abf230 6789       3       org.codehaus.groovy.ast.ASTNode::<init> (25 bytes)
Event: 33.272 Thread 0x000001ccf3abf230 nmethod 6789 0x000001ccded03290 code [0x000001ccded03420, 0x000001ccded03598]
Event: 33.273 Thread 0x000001ccf3abf230 6790       3       groovyjarjarantlr4.v4.runtime.CodePointCharStream$CodePoint8BitCharStream::getText (52 bytes)
Event: 33.274 Thread 0x000001ccf3abf230 nmethod 6790 0x000001ccdea88410 code [0x000001ccdea88600, 0x000001ccdea88a88]

GC Heap History (20 events):
Event: 19.868 GC heap before
{Heap before GC invocations=5 (full 0):
 garbage-first heap   total 89088K, used 61326K [0x00000000a0000000, 0x0000000100000000)
  region size 1024K, 40 young (40960K), 3 survivors (3072K)
 Metaspace       used 33289K, capacity 33971K, committed 34224K, reserved 1079296K
  class space    used 4539K, capacity 4751K, committed 4864K, reserved 1048576K
}
Event: 19.884 GC heap after
{Heap after GC invocations=6 (full 0):
 garbage-first heap   total 89088K, used 29188K [0x00000000a0000000, 0x0000000100000000)
  region size 1024K, 5 young (5120K), 5 survivors (5120K)
 Metaspace       used 33289K, capacity 33971K, committed 34224K, reserved 1079296K
  class space    used 4539K, capacity 4751K, committed 4864K, reserved 1048576K
}
Event: 21.210 GC heap before
{Heap before GC invocations=6 (full 0):
 garbage-first heap   total 89088K, used 51716K [0x00000000a0000000, 0x0000000100000000)
  region size 1024K, 26 young (26624K), 5 survivors (5120K)
 Metaspace       used 35114K, capacity 35792K, committed 35888K, reserved 1081344K
  class space    used 4674K, capacity 4903K, committed 4992K, reserved 1048576K
}
Event: 21.232 GC heap after
{Heap after GC invocations=7 (full 0):
 garbage-first heap   total 89088K, used 31981K [0x00000000a0000000, 0x0000000100000000)
  region size 1024K, 3 young (3072K), 3 survivors (3072K)
 Metaspace       used 35114K, capacity 35792K, committed 35888K, reserved 1081344K
  class space    used 4674K, capacity 4903K, committed 4992K, reserved 1048576K
}
Event: 24.673 GC heap before
{Heap before GC invocations=8 (full 0):
 garbage-first heap   total 89088K, used 65773K [0x00000000a0000000, 0x0000000100000000)
  region size 1024K, 36 young (36864K), 3 survivors (3072K)
 Metaspace       used 38256K, capacity 39059K, committed 39216K, reserved 1083392K
  class space    used 5149K, capacity 5404K, committed 5504K, reserved 1048576K
}
Event: 24.686 GC heap after
{Heap after GC invocations=9 (full 0):
 garbage-first heap   total 89088K, used 35179K [0x00000000a0000000, 0x0000000100000000)
  region size 1024K, 5 young (5120K), 5 survivors (5120K)
 Metaspace       used 38256K, capacity 39059K, committed 39216K, reserved 1083392K
  class space    used 5149K, capacity 5404K, committed 5504K, reserved 1048576K
}
Event: 26.206 GC heap before
{Heap before GC invocations=9 (full 0):
 garbage-first heap   total 89088K, used 66923K [0x00000000a0000000, 0x0000000100000000)
  region size 1024K, 36 young (36864K), 5 survivors (5120K)
 Metaspace       used 41573K, capacity 42456K, committed 42672K, reserved 1085440K
  class space    used 5540K, capacity 5806K, committed 5888K, reserved 1048576K
}
Event: 26.222 GC heap after
{Heap after GC invocations=10 (full 0):
 garbage-first heap   total 89088K, used 37206K [0x00000000a0000000, 0x0000000100000000)
  region size 1024K, 2 young (2048K), 2 survivors (2048K)
 Metaspace       used 41573K, capacity 42456K, committed 42672K, reserved 1085440K
  class space    used 5540K, capacity 5806K, committed 5888K, reserved 1048576K
}
Event: 28.260 GC heap before
{Heap before GC invocations=10 (full 0):
 garbage-first heap   total 89088K, used 67926K [0x00000000a0000000, 0x0000000100000000)
  region size 1024K, 32 young (32768K), 2 survivors (2048K)
 Metaspace       used 44428K, capacity 45230K, committed 45488K, reserved 1089536K
  class space    used 5887K, capacity 6133K, committed 6144K, reserved 1048576K
}
Event: 28.270 GC heap after
{Heap after GC invocations=11 (full 0):
 garbage-first heap   total 89088K, used 39189K [0x00000000a0000000, 0x0000000100000000)
  region size 1024K, 4 young (4096K), 4 survivors (4096K)
 Metaspace       used 44428K, capacity 45230K, committed 45488K, reserved 1089536K
  class space    used 5887K, capacity 6133K, committed 6144K, reserved 1048576K
}
Event: 29.674 GC heap before
{Heap before GC invocations=11 (full 0):
 garbage-first heap   total 89088K, used 60693K [0x00000000a0000000, 0x0000000100000000)
  region size 1024K, 24 young (24576K), 4 survivors (4096K)
 Metaspace       used 44827K, capacity 45731K, committed 45872K, reserved 1089536K
  class space    used 5904K, capacity 6169K, committed 6272K, reserved 1048576K
}
Event: 29.685 GC heap after
{Heap after GC invocations=12 (full 0):
 garbage-first heap   total 89088K, used 46198K [0x00000000a0000000, 0x0000000100000000)
  region size 1024K, 5 young (5120K), 5 survivors (5120K)
 Metaspace       used 44827K, capacity 45731K, committed 45872K, reserved 1089536K
  class space    used 5904K, capacity 6169K, committed 6272K, reserved 1048576K
}
Event: 30.988 GC heap before
{Heap before GC invocations=13 (full 0):
 garbage-first heap   total 91136K, used 68726K [0x00000000a0000000, 0x0000000100000000)
  region size 1024K, 27 young (27648K), 5 survivors (5120K)
 Metaspace       used 46951K, capacity 48001K, committed 48304K, reserved 1091584K
  class space    used 6280K, capacity 6579K, committed 6656K, reserved 1048576K
}
Event: 30.999 GC heap after
{Heap after GC invocations=14 (full 0):
 garbage-first heap   total 91136K, used 49788K [0x00000000a0000000, 0x0000000100000000)
  region size 1024K, 4 young (4096K), 4 survivors (4096K)
 Metaspace       used 46951K, capacity 48001K, committed 48304K, reserved 1091584K
  class space    used 6280K, capacity 6579K, committed 6656K, reserved 1048576K
}
Event: 32.093 GC heap before
{Heap before GC invocations=14 (full 0):
 garbage-first heap   total 91136K, used 70268K [0x00000000a0000000, 0x0000000100000000)
  region size 1024K, 24 young (24576K), 4 survivors (4096K)
 Metaspace       used 48237K, capacity 49249K, committed 49456K, reserved 1091584K
  class space    used 6455K, capacity 6739K, committed 6784K, reserved 1048576K
}
Event: 32.104 GC heap after
{Heap after GC invocations=15 (full 0):
 garbage-first heap   total 91136K, used 50955K [0x00000000a0000000, 0x0000000100000000)
  region size 1024K, 2 young (2048K), 2 survivors (2048K)
 Metaspace       used 48237K, capacity 49249K, committed 49456K, reserved 1091584K
  class space    used 6455K, capacity 6739K, committed 6784K, reserved 1048576K
}
Event: 32.794 GC heap before
{Heap before GC invocations=16 (full 0):
 garbage-first heap   total 94208K, used 71435K [0x00000000a0000000, 0x0000000100000000)
  region size 1024K, 22 young (22528K), 2 survivors (2048K)
 Metaspace       used 48306K, capacity 49313K, committed 49456K, reserved 1091584K
  class space    used 6455K, capacity 6739K, committed 6784K, reserved 1048576K
}
Event: 32.801 GC heap after
{Heap after GC invocations=17 (full 0):
 garbage-first heap   total 94208K, used 51343K [0x00000000a0000000, 0x0000000100000000)
  region size 1024K, 2 young (2048K), 2 survivors (2048K)
 Metaspace       used 48306K, capacity 49313K, committed 49456K, reserved 1091584K
  class space    used 6455K, capacity 6739K, committed 6784K, reserved 1048576K
}
Event: 32.848 GC heap before
{Heap before GC invocations=17 (full 0):
 garbage-first heap   total 94208K, used 53391K [0x00000000a0000000, 0x0000000100000000)
  region size 1024K, 4 young (4096K), 2 survivors (2048K)
 Metaspace       used 48306K, capacity 49313K, committed 49456K, reserved 1091584K
  class space    used 6455K, capacity 6739K, committed 6784K, reserved 1048576K
}
Event: 32.868 GC heap after
{Heap after GC invocations=18 (full 0):
 garbage-first heap   total 94208K, used 48220K [0x00000000a0000000, 0x0000000100000000)
  region size 1024K, 1 young (1024K), 1 survivors (1024K)
 Metaspace       used 48306K, capacity 49313K, committed 49456K, reserved 1091584K
  class space    used 6455K, capacity 6739K, committed 6784K, reserved 1048576K
}

Deoptimization events (20 events):
Event: 32.619 Thread 0x000001ccf65f96b0 DEOPT PACKING pc=0x000001ccdedfedcc sp=0x00000077855f5c70
Event: 32.619 Thread 0x000001ccf65f96b0 DEOPT UNPACKING pc=0x000001ccde46e23f sp=0x00000077855f51c8 mode 0
Event: 32.653 Thread 0x000001ccf65f96b0 Uncommon trap: trap_request=0xffffffde fr.pc=0x000001cce5fd9e80 relative=0x00000000000000e0
Event: 32.653 Thread 0x000001ccf65f96b0 Uncommon trap: reason=class_check action=maybe_recompile pc=0x000001cce5fd9e80 method=groovyjarjarantlr4.v4.runtime.atn.SingletonPredictionContext.equals(Ljava/lang/Object;)Z @ 8 c2
Event: 32.653 Thread 0x000001ccf65f96b0 DEOPT PACKING pc=0x000001cce5fd9e80 sp=0x00000077855f5ba0
Event: 32.653 Thread 0x000001ccf65f96b0 DEOPT UNPACKING pc=0x000001ccde46e42f sp=0x00000077855f5b38 mode 2
Event: 32.716 Thread 0x000001ccf65f96b0 DEOPT PACKING pc=0x000001ccdedfedcc sp=0x00000077855f6960
Event: 32.716 Thread 0x000001ccf65f96b0 DEOPT UNPACKING pc=0x000001ccde46e23f sp=0x00000077855f5eb8 mode 0
Event: 32.809 Thread 0x000001ccf65f96b0 DEOPT PACKING pc=0x000001ccdedfedcc sp=0x00000077855f6e90
Event: 32.810 Thread 0x000001ccf65f96b0 DEOPT UNPACKING pc=0x000001ccde46e23f sp=0x00000077855f63e8 mode 0
Event: 32.948 Thread 0x000001ccf65f96b0 DEOPT PACKING pc=0x000001ccdedfedcc sp=0x00000077855f6a30
Event: 32.948 Thread 0x000001ccf65f96b0 DEOPT UNPACKING pc=0x000001ccde46e23f sp=0x00000077855f5f88 mode 0
Event: 32.948 Thread 0x000001ccf65f96b0 Uncommon trap: trap_request=0xffffffde fr.pc=0x000001cce5fd9e80 relative=0x00000000000000e0
Event: 32.948 Thread 0x000001ccf65f96b0 Uncommon trap: reason=class_check action=maybe_recompile pc=0x000001cce5fd9e80 method=groovyjarjarantlr4.v4.runtime.atn.SingletonPredictionContext.equals(Ljava/lang/Object;)Z @ 8 c2
Event: 32.948 Thread 0x000001ccf65f96b0 DEOPT PACKING pc=0x000001cce5fd9e80 sp=0x00000077855f6650
Event: 32.948 Thread 0x000001ccf65f96b0 DEOPT UNPACKING pc=0x000001ccde46e42f sp=0x00000077855f65e8 mode 2
Event: 32.959 Thread 0x000001ccf65f96b0 DEOPT PACKING pc=0x000001ccde9e9e60 sp=0x00000077855f6510
Event: 32.959 Thread 0x000001ccf65f96b0 DEOPT UNPACKING pc=0x000001ccde46e23f sp=0x00000077855f5a68 mode 0
Event: 33.069 Thread 0x000001ccf65f96b0 DEOPT PACKING pc=0x000001ccdedfedcc sp=0x00000077855f7280
Event: 33.069 Thread 0x000001ccf65f96b0 DEOPT UNPACKING pc=0x000001ccde46e23f sp=0x00000077855f67d8 mode 0

Classes unloaded (0 events):
No events

Classes redefined (0 events):
No events

Internal exceptions (20 events):
Event: 30.119 Thread 0x000001ccf65f96b0 Exception <a 'java/lang/ClassNotFoundException'{0x00000000a8862138}: org/gradle/api/DefaultTaskBeanInfo> (0x00000000a8862138) 
thrown [./open/src/hotspot/share/classfile/systemDictionary.cpp, line 295]
Event: 30.122 Thread 0x000001ccf65f96b0 Exception <a 'java/lang/ClassNotFoundException'{0x00000000a8877980}: org/gradle/api/internal/AbstractTaskBeanInfo> (0x00000000a8877980) 
thrown [./open/src/hotspot/share/classfile/systemDictionary.cpp, line 295]
Event: 30.125 Thread 0x000001ccf65f96b0 Exception <a 'java/lang/ClassNotFoundException'{0x00000000a888d460}: org/gradle/api/internal/AbstractTaskCustomizer> (0x00000000a888d460) 
thrown [./open/src/hotspot/share/classfile/systemDictionary.cpp, line 295]
Event: 30.140 Thread 0x000001ccf65f96b0 Exception <a 'java/lang/ClassNotFoundException'{0x00000000a88f5ac8}: org/gradle/api/DefaultTaskCustomizer> (0x00000000a88f5ac8) 
thrown [./open/src/hotspot/share/classfile/systemDictionary.cpp, line 295]
Event: 30.156 Thread 0x000001ccf65f96b0 Exception <a 'java/lang/ClassNotFoundException'{0x00000000a8763ba0}: org/gradle/api/internal/ConventionTaskCustomizer> (0x00000000a8763ba0) 
thrown [./open/src/hotspot/share/classfile/systemDictionary.cpp, line 295]
Event: 30.160 Thread 0x000001ccf65f96b0 Exception <a 'java/lang/ClassNotFoundException'{0x00000000a8786c50}: org/gradle/api/tasks/DeleteCustomizer> (0x00000000a8786c50) 
thrown [./open/src/hotspot/share/classfile/systemDictionary.cpp, line 295]
Event: 30.171 Thread 0x000001ccf65f96b0 Exception <a 'java/lang/ClassNotFoundException'{0x00000000a87ae720}: org/gradle/api/tasks/Delete_DecoratedCustomizer> (0x00000000a87ae720) 
thrown [./open/src/hotspot/share/classfile/systemDictionary.cpp, line 295]
Event: 30.254 Thread 0x000001ccf65f96b0 Exception <a 'java/lang/ClassNotFoundException'{0x00000000a86a7298}: java/util/ArraysBeanInfo> (0x00000000a86a7298) 
thrown [./open/src/hotspot/share/classfile/systemDictionary.cpp, line 295]
Event: 30.255 Thread 0x000001ccf65f96b0 Exception <a 'java/lang/ClassNotFoundException'{0x00000000a86af1e0}: java/util/ArraysCustomizer> (0x00000000a86af1e0) 
thrown [./open/src/hotspot/share/classfile/systemDictionary.cpp, line 295]
Event: 30.273 Thread 0x000001ccf65f96b0 Exception <a 'java/lang/ClassNotFoundException'{0x00000000a8561d80}: ProtobufPatchPluginBeanInfo> (0x00000000a8561d80) 
thrown [./open/src/hotspot/share/classfile/systemDictionary.cpp, line 295]
Event: 30.275 Thread 0x000001ccf65f96b0 Exception <a 'java/lang/ClassNotFoundException'{0x00000000a856c9d8}: ProtobufPatchPluginCustomizer> (0x00000000a856c9d8) 
thrown [./open/src/hotspot/share/classfile/systemDictionary.cpp, line 295]
Event: 30.294 Thread 0x000001ccf65f96b0 Exception <a 'java/lang/ClassNotFoundException'{0x00000000a85d0938}: groovy/lang/ReferenceBeanInfo> (0x00000000a85d0938) 
thrown [./open/src/hotspot/share/classfile/systemDictionary.cpp, line 295]
Event: 30.300 Thread 0x000001ccf65f96b0 Exception <a 'java/lang/ClassNotFoundException'{0x00000000a85f9590}: groovy/lang/ReferenceCustomizer> (0x00000000a85f9590) 
thrown [./open/src/hotspot/share/classfile/systemDictionary.cpp, line 295]
Event: 30.339 Thread 0x000001ccf65f96b0 Exception <a 'java/lang/NoSuchMethodError'{0x00000000a8466238}: 'long java.lang.invoke.DirectMethodHandle$Holder.invokeVirtual(java.lang.Object, java.lang.Object)'> (0x00000000a8466238) 
thrown [./open/src/hotspot/share/interpreter/linkResolver.cpp, line 782]
Event: 30.353 Thread 0x000001ccf65f52f0 Exception <a 'java/lang/NoSuchMethodError'{0x00000000a84be468}: static Lorg/gradle/internal/build/event/types/DefaultProjectConfigurationSuccessResult;.<clinit>()V> (0x00000000a84be468) 
thrown [./open/src/hotspot/share/prims/jni.cpp, line 1204]
Event: 30.353 Thread 0x000001ccf65f52f0 Exception <a 'java/lang/NoSuchMethodError'{0x00000000a84bf5f0}: static Lorg/gradle/internal/build/event/types/AbstractProjectConfigurationResult;.<clinit>()V> (0x00000000a84bf5f0) 
thrown [./open/src/hotspot/share/prims/jni.cpp, line 1204]
Event: 30.356 Thread 0x000001ccf65f52f0 Exception <a 'java/lang/NoSuchMethodError'{0x00000000a84ca7b8}: static Lorg/gradle/internal/build/event/types/DefaultPluginApplicationResult;.<clinit>()V> (0x00000000a84ca7b8) 
thrown [./open/src/hotspot/share/prims/jni.cpp, line 1204]
Event: 30.358 Thread 0x000001ccf65f52f0 Exception <a 'java/lang/NoSuchMethodError'{0x00000000a84d5180}: static Lorg/gradle/internal/build/event/types/DefaultBinaryPluginIdentifier;.<clinit>()V> (0x00000000a84d5180) 
thrown [./open/src/hotspot/share/prims/jni.cpp, line 1204]
Event: 30.368 Thread 0x000001ccf65f52f0 Exception <a 'java/lang/NoSuchMethodError'{0x00000000a84e9900}: static Lorg/gradle/internal/build/event/types/DefaultScriptPluginIdentifier;.<clinit>()V> (0x00000000a84e9900) 
thrown [./open/src/hotspot/share/prims/jni.cpp, line 1204]
Event: 30.617 Thread 0x000001ccf65f96b0 Exception <a 'java/lang/NoSuchMethodError'{0x00000000a490e528}: 'void java.lang.invoke.DirectMethodHandle$Holder.invokeVirtual(java.lang.Object, java.lang.Object)'> (0x00000000a490e528) 
thrown [./open/src/hotspot/share/interpreter/linkResolver.cpp, line 782]

Events (20 events):
Event: 31.500 Executing VM operation: ICBufferFull
Event: 31.500 Executing VM operation: ICBufferFull done
Event: 32.092 Executing VM operation: G1CollectForAllocation
Event: 32.112 Executing VM operation: G1CollectForAllocation done
Event: 32.245 Executing VM operation: G1Concurrent
Event: 32.253 Executing VM operation: G1Concurrent done
Event: 32.352 Executing VM operation: G1Concurrent
Event: 32.355 Executing VM operation: G1Concurrent done
Event: 32.794 Executing VM operation: G1CollectForAllocation
Event: 32.801 Executing VM operation: G1CollectForAllocation done
Event: 32.848 Executing VM operation: G1CollectForAllocation
Event: 32.885 Executing VM operation: G1CollectForAllocation done
Event: 33.092 loading class java/util/stream/ReduceOps$9
Event: 33.093 loading class java/util/stream/ReduceOps$9 done
Event: 33.093 loading class java/util/stream/ReduceOps$CountingSink$OfInt
Event: 33.093 loading class java/util/stream/ReduceOps$CountingSink
Event: 33.094 loading class java/util/stream/ReduceOps$CountingSink done
Event: 33.094 loading class java/util/stream/ReduceOps$CountingSink$OfInt done
Event: 33.109 loading class java/util/LinkedList$LLSpliterator
Event: 33.110 loading class java/util/LinkedList$LLSpliterator done


Dynamic libraries:
0x00007ff619e00000 - 0x00007ff619e0f000 	C:\Program Files\Java\jdk-15.0.2\bin\java.exe
0x00007ffa52a70000 - 0x00007ffa52c87000 	C:\WINDOWS\SYSTEM32\ntdll.dll
0x00007ffa51d90000 - 0x00007ffa51e54000 	C:\WINDOWS\System32\KERNEL32.DLL
0x00007ffa50420000 - 0x00007ffa507c7000 	C:\WINDOWS\System32\KERNELBASE.dll
0x0000000054570000 - 0x00000000548a2000 	C:\Program Files\Norton Security\NortonData\22.23.6.5\Definitions\IPSDefs\20231124.064\IPSEng64.dll
0x00007ffa523e0000 - 0x00007ffa52490000 	C:\WINDOWS\System32\ADVAPI32.dll
0x00007ffa52330000 - 0x00007ffa523d7000 	C:\WINDOWS\System32\msvcrt.dll
0x00007ffa50e30000 - 0x00007ffa50ed6000 	C:\WINDOWS\System32\sechost.dll
0x00007ffa52180000 - 0x00007ffa52297000 	C:\WINDOWS\System32\RPCRT4.dll
0x00007ffa51e60000 - 0x00007ffa51e68000 	C:\WINDOWS\System32\PSAPI.DLL
0x00007ffa50300000 - 0x00007ffa50411000 	C:\WINDOWS\System32\ucrtbase.dll
0x00007ff9c32b0000 - 0x00007ff9c32c9000 	C:\Program Files\Java\jdk-15.0.2\bin\VCRUNTIME140.dll
0x00007ff9c2950000 - 0x00007ff9c2968000 	C:\Program Files\Java\jdk-15.0.2\bin\jli.dll
0x00007ffa51090000 - 0x00007ffa5123e000 	C:\WINDOWS\System32\USER32.dll
0x00007ffa4ff60000 - 0x00007ffa4ff86000 	C:\WINDOWS\System32\win32u.dll
0x00007ffa522b0000 - 0x00007ffa522d9000 	C:\WINDOWS\System32\GDI32.dll
0x00007ffa500b0000 - 0x00007ffa501c9000 	C:\WINDOWS\System32\gdi32full.dll
0x00007ffa50010000 - 0x00007ffa500aa000 	C:\WINDOWS\System32\msvcp_win.dll
0x00007ffa2f1b0000 - 0x00007ffa2f443000 	C:\WINDOWS\WinSxS\amd64_microsoft.windows.common-controls_6595b64144ccf1df_6.0.22621.2506_none_270c5ae97388e100\COMCTL32.dll
0x00007ffa43400000 - 0x00007ffa4340a000 	C:\WINDOWS\SYSTEM32\VERSION.dll
0x00007ffa51240000 - 0x00007ffa51271000 	C:\WINDOWS\System32\IMM32.DLL
0x00007ffa0d610000 - 0x00007ffa0d61c000 	C:\Program Files\Java\jdk-15.0.2\bin\vcruntime140_1.dll
0x00007ff9a3d20000 - 0x00007ff9a3db1000 	C:\Program Files\Java\jdk-15.0.2\bin\msvcp140.dll
0x00007ff98bcb0000 - 0x00007ff98c80e000 	C:\Program Files\Java\jdk-15.0.2\bin\server\jvm.dll
0x00007ffa31750000 - 0x00007ffa31759000 	C:\WINDOWS\SYSTEM32\WSOCK32.dll
0x00007ffa45c60000 - 0x00007ffa45c94000 	C:\WINDOWS\SYSTEM32\WINMM.dll
0x00007ffa51e70000 - 0x00007ffa51ee1000 	C:\WINDOWS\System32\WS2_32.dll
0x00007ffa4ed50000 - 0x00007ffa4ed68000 	C:\WINDOWS\SYSTEM32\kernel.appcore.dll
0x00007ffa0a2b0000 - 0x00007ffa0a2ba000 	C:\Program Files\Java\jdk-15.0.2\bin\jimage.dll
0x00007ffa4d910000 - 0x00007ffa4db43000 	C:\WINDOWS\SYSTEM32\DBGHELP.DLL
0x00007ffa50a90000 - 0x00007ffa50e19000 	C:\WINDOWS\System32\combase.dll
0x00007ffa52950000 - 0x00007ffa52a27000 	C:\WINDOWS\System32\OLEAUT32.dll
0x00007ffa31530000 - 0x00007ffa31562000 	C:\WINDOWS\SYSTEM32\dbgcore.DLL
0x00007ffa4ff90000 - 0x00007ffa5000a000 	C:\WINDOWS\System32\bcryptPrimitives.dll
0x00007ff9c24d0000 - 0x00007ff9c24f5000 	C:\Program Files\Java\jdk-15.0.2\bin\java.dll
0x00007ffa51290000 - 0x00007ffa51ae9000 	C:\WINDOWS\System32\SHELL32.dll
0x00007ffa4dcc0000 - 0x00007ffa4e5b4000 	C:\WINDOWS\SYSTEM32\windows.storage.dll
0x00007ffa4db50000 - 0x00007ffa4dc8e000 	C:\WINDOWS\SYSTEM32\wintypes.dll
0x00007ffa50990000 - 0x00007ffa50a83000 	C:\WINDOWS\System32\SHCORE.dll
0x00007ffa51af0000 - 0x00007ffa51b4e000 	C:\WINDOWS\System32\shlwapi.dll
0x00007ffa4fd20000 - 0x00007ffa4fd46000 	C:\WINDOWS\SYSTEM32\profapi.dll
0x00007ff9c2340000 - 0x00007ff9c2359000 	C:\Program Files\Java\jdk-15.0.2\bin\net.dll
0x00007ffa4d100000 - 0x00007ffa4d237000 	C:\WINDOWS\SYSTEM32\WINHTTP.dll
0x00007ffa4f220000 - 0x00007ffa4f289000 	C:\WINDOWS\system32\mswsock.dll
0x00007ff9c1640000 - 0x00007ff9c1652000 	C:\Program Files\Java\jdk-15.0.2\bin\nio.dll
0x00007ff9c15c0000 - 0x00007ff9c15d8000 	C:\Program Files\Java\jdk-15.0.2\bin\zip.dll
0x00007ffa09f70000 - 0x00007ffa09f80000 	C:\Program Files\Java\jdk-15.0.2\bin\verify.dll
0x00007ffa30a80000 - 0x00007ffa30aa7000 	C:\Users\Barakael-PC\.gradle\native\68d5fa5c4cc2d200863cafc0d521ce42e7d3e7ee720ec0a83991735586a16f82\windows-amd64\native-platform.dll
0x00007ff99a9d0000 - 0x00007ff99ab14000 	C:\Users\Barakael-PC\.gradle\native\e376f236ea51e6404a007f0833ffe2c6e607c4080706a723a18a27aeea778392\windows-amd64\native-platform-file-events.dll
0x00007ffa26950000 - 0x00007ffa26959000 	C:\Program Files\Java\jdk-15.0.2\bin\management.dll
0x00007ffa26940000 - 0x00007ffa2694b000 	C:\Program Files\Java\jdk-15.0.2\bin\management_ext.dll
0x00007ffa4f5b0000 - 0x00007ffa4f5cb000 	C:\WINDOWS\SYSTEM32\CRYPTSP.dll
0x00007ffa4ed10000 - 0x00007ffa4ed45000 	C:\WINDOWS\system32\rsaenh.dll
0x00007ffa4f2c0000 - 0x00007ffa4f2ec000 	C:\WINDOWS\SYSTEM32\USERENV.dll
0x00007ffa4f620000 - 0x00007ffa4f648000 	C:\WINDOWS\SYSTEM32\bcrypt.dll
0x00007ffa4f550000 - 0x00007ffa4f55c000 	C:\WINDOWS\SYSTEM32\CRYPTBASE.dll
0x00007ffa4e860000 - 0x00007ffa4e88d000 	C:\WINDOWS\SYSTEM32\IPHLPAPI.DLL
0x00007ffa50e20000 - 0x00007ffa50e29000 	C:\WINDOWS\System32\NSI.dll
0x00007ffa45fe0000 - 0x00007ffa45ff9000 	C:\WINDOWS\SYSTEM32\dhcpcsvc6.DLL
0x00007ffa45f20000 - 0x00007ffa45f3f000 	C:\WINDOWS\SYSTEM32\dhcpcsvc.DLL
0x00007ffa4e890000 - 0x00007ffa4e989000 	C:\WINDOWS\SYSTEM32\DNSAPI.dll

dbghelp: loaded successfully - version: 4.0.5 - missing functions: none
symbol engine: initialized successfully - sym options: 0x614 - pdb path: .;C:\Program Files\Java\jdk-15.0.2\bin;C:\WINDOWS\SYSTEM32;C:\Program Files\Norton Security\NortonData\22.23.6.5\Definitions\IPSDefs\20231124.064;C:\WINDOWS\WinSxS\amd64_microsoft.windows.common-controls_6595b64144ccf1df_6.0.22621.2506_none_270c5ae97388e100;C:\Program Files\Java\jdk-15.0.2\bin\server;C:\Users\Barakael-PC\.gradle\native\68d5fa5c4cc2d200863cafc0d521ce42e7d3e7ee720ec0a83991735586a16f82\windows-amd64;C:\Users\Barakael-PC\.gradle\native\e376f236ea51e6404a007f0833ffe2c6e607c4080706a723a18a27aeea778392\windows-amd64

VM Arguments:
jvm_args: --add-opens=java.base/java.util=ALL-UNNAMED --add-opens=java.base/java.lang=ALL-UNNAMED --add-opens=java.base/java.lang.invoke=ALL-UNNAMED --add-opens=java.prefs/java.util.prefs=ALL-UNNAMED --add-opens=java.base/java.nio.charset=ALL-UNNAMED --add-opens=java.base/java.net=ALL-UNNAMED --add-opens=java.base/java.util.concurrent.atomic=ALL-UNNAMED -Xmx1536m -Dfile.encoding=utf8 -Duser.country=US -Duser.language=en -Duser.variant 
java_command: org.gradle.launcher.daemon.bootstrap.GradleDaemon 8.0.2
java_class_path (initial): C:\Users\Barakael-PC\.gradle\wrapper\dists\gradle-8.0.2-all\25ipb77ce0ypy3f9xdton1ae6\gradle-8.0.2\lib\gradle-launcher-8.0.2.jar
Launcher Type: SUN_STANDARD

[Global flags]
     intx CICompilerCount                          = 4                                         {product} {ergonomic}
     uint ConcGCThreads                            = 2                                         {product} {ergonomic}
     uint G1ConcRefinementThreads                  = 8                                         {product} {ergonomic}
   size_t G1HeapRegionSize                         = 1048576                                   {product} {ergonomic}
    uintx GCDrainStackTargetSize                   = 64                                        {product} {ergonomic}
   size_t InitialHeapSize                          = 266338304                                 {product} {ergonomic}
   size_t MarkStackSize                            = 4194304                                   {product} {ergonomic}
   size_t MaxHeapSize                              = 1610612736                                {product} {command line}
   size_t MaxNewSize                               = 965738496                                 {product} {ergonomic}
   size_t MinHeapDeltaBytes                        = 1048576                                   {product} {ergonomic}
   size_t MinHeapSize                              = 8388608                                   {product} {ergonomic}
    uintx NonNMethodCodeHeapSize                   = 5839372                                {pd product} {ergonomic}
    uintx NonProfiledCodeHeapSize                  = 122909434                              {pd product} {ergonomic}
    uintx ProfiledCodeHeapSize                     = 122909434                              {pd product} {ergonomic}
    uintx ReservedCodeCacheSize                    = 251658240                              {pd product} {ergonomic}
     bool SegmentedCodeCache                       = true                                      {product} {ergonomic}
   size_t SoftMaxHeapSize                          = 1610612736                             {manageable} {ergonomic}
     bool UseCompressedClassPointers               = true                                 {lp64_product} {ergonomic}
     bool UseCompressedOops                        = true                                 {lp64_product} {ergonomic}
     bool UseG1GC                                  = true                                      {product} {ergonomic}
     bool UseLargePagesIndividualAllocation        = false                                  {pd product} {ergonomic}

Logging:
Log output configuration:
 #0: stdout all=warning uptime,level,tags
 #1: stderr all=off uptime,level,tags

Environment Variables:
JAVA_HOME=C:\Program Files\Java\jdk-17
PATH=C:\Program Files\Common Files\Oracle\Java\javapath;C:\Python312\Scripts\;C:\Python312\;C:\Python311\Scripts\;C:\Python311\;C:\Program Files (x86)\Common Files\Oracle\Java\javapath;C:\Program Files\Java\jdk-17\bin;C:\WINDOWS\system32;C:\WINDOWS;C:\WINDOWS\System32\Wbem;C:\WINDOWS\System32\WindowsPowerShell\v1.0\;C:\WINDOWS\System32\OpenSSH\;C:\Program Files\Docker\Docker\resources\bin;C:\ProgramData\DockerDesktop\version-bin;C:\ProgramData\ComposerSetup\bin;C:\Program Files\PuTTY\;C:\ProgramData\chocolatey\bin;C:\Users\Barakael-PC\AppData\Roaming\nvm;C:\Program Files\nodejs;C:\Program Files\Git\cmd;C:\src\flutter\bin;C:\Program Files\dotnet\;C:\Program Files\Microsoft SQL Server\130\Tools\Binn\;C:\Program Files\IDM Computer Solutions\UltraEdit;C:\Program Files\IDM Computer Solutions\UltraCompare;C:\laragon\bin\mysql\mysql-5.7.33-winx64\bin;C:\laragon\bin\php\php-8.1.12-Win32-vs16-x64;C:\Program Files\nodejs\;C:\laragon\bin;C:\laragon\bin\apache\httpd-2.4.47-win64-VS16\bin;C:\laragon\bin\composer;C:\laragon\bin\git\bin;C:\laragon\bin\git\cmd;C:\laragon\bin\git\mingw64\bin;C:\laragon\bin\git\usr\bin;C:\laragon\bin\laragon\utils;C:\laragon\bin\mysql\mysql-5.7.33-winx64\bin;C:\laragon\bin\nginx\nginx-1.19.10;C:\laragon\bin\ngrok;C:\laragon\bin\nodejs;C:\laragon\bin\notepad++;C:\laragon\bin\php\php-8.1.12-Win32-vs16-x64;C:\laragon\bin\redis\redis-x64-3.2.100;C:\laragon\bin\telnet;C:\laragon\usr\bin;C:\Users\Barakael-PC\AppData\Local\Yarn\config\global\node_modules\.bin;C:\Users\Barakael-PC\AppData\Roaming\Composer\vendor\bin;C:\Users\Barakael-PC\AppData\Local\Programs\Microsoft VS Code\bin;C:\Program Files\JetBrains\IntelliJ IDEA Community Edition 2023.2.1\bin;C:\Users\Barakael-PC\AppData\Roaming\npm
USERNAME=Barakael-PC
OS=Windows_NT
PROCESSOR_IDENTIFIER=Intel64 Family 6 Model 142 Stepping 12, GenuineIntel



---------------  S Y S T E M  ---------------

OS:
 Windows 10 , 64 bit Build 22621 (10.0.22621.2506)
OS uptime: 0 days 8:16 hours
HyperV virtualization detected

CPU: total 8 (initial active 8) (4 cores per cpu, 2 threads per core) family 6 model 142 stepping 12 microcode 0xea, cmov, cx8, fxsr, mmx, sse, sse2, sse3, ssse3, sse4.1, sse4.2, popcnt, vzeroupper, avx, avx2, aes, clmul, erms, 3dnowpref, lzcnt, ht, tsc, tscinvbit, bmi1, bmi2, adx, fma, clflush, clflushopt

Memory: 4k page, system-wide physical 16134M (3149M free)
TotalPageFile size 17827M (AvailPageFile size 295M)
current process WorkingSet (physical memory assigned to process): 283M, peak: 283M
current process commit charge ("private bytes"): 328M, peak: 460M

vm_info: Java HotSpot(TM) 64-Bit Server VM (15.0.2+7-27) for windows-amd64 JRE (15.0.2+7-27), built on Dec  7 2020 20:07:01 by "mach5one" with unknown MS VC++:1925

END.
